2025-06-08 09:03:17,299 - ====== WebDriver manager ======
2025-06-08 09:03:18,422 - Get LATEST chromedriver version for google-chrome
2025-06-08 09:03:18,564 - Get LATEST chromedriver version for google-chrome
2025-06-08 09:03:18,675 - Driver [C:\Users\Lenovo\.wdm\drivers\chromedriver\win64\137.0.7151.68\chromedriver-win32/chromedriver.exe] found in cache
2025-06-08 09:03:19,772 - Browser started
2025-06-08 09:03:24,814 - Error getting Foursquare tips: 'list' object has no attribute 'get'
2025-06-08 09:03:43,484 - ====== WebDriver manager ======
2025-06-08 09:03:44,597 - Get LATEST chromedriver version for google-chrome
2025-06-08 09:03:44,720 - Get LATEST chromedriver version for google-chrome
2025-06-08 09:03:44,822 - Driver [C:\Users\Lenovo\.wdm\drivers\chromedriver\win64\137.0.7151.68\chromedriver-win32/chromedriver.exe] found in cache
2025-06-08 09:03:45,945 - Browser started
2025-06-08 09:03:56,582 - Error getting Foursquare tips: 'list' object has no attribute 'get'
2025-06-08 09:28:03,601 - ====== WebDriver manager ======
2025-06-08 09:28:04,778 - Get LATEST chromedriver version for google-chrome
2025-06-08 09:28:04,900 - Get LATEST chromedriver version for google-chrome
2025-06-08 09:28:05,000 - Driver [C:\Users\Lenovo\.wdm\drivers\chromedriver\win64\137.0.7151.68\chromedriver-win32/chromedriver.exe] found in cache
2025-06-08 09:28:06,164 - Browser started
2025-06-08 09:28:16,613 - Error getting Foursquare tips: 'list' object has no attribute 'get'
2025-06-08 09:28:57,596 - ====== WebDriver manager ======
2025-06-08 09:28:58,778 - Get LATEST chromedriver version for google-chrome
2025-06-08 09:28:58,900 - Get LATEST chromedriver version for google-chrome
2025-06-08 09:28:59,000 - Driver [C:\Users\Lenovo\.wdm\drivers\chromedriver\win64\137.0.7151.68\chromedriver-win32/chromedriver.exe] found in cache
2025-06-08 09:29:00,146 - Browser started
2025-06-08 09:29:16,373 - Error getting Foursquare tips: 'list' object has no attribute 'get'
2025-06-08 09:29:45,591 - ====== WebDriver manager ======
2025-06-08 09:29:46,730 - Get LATEST chromedriver version for google-chrome
2025-06-08 09:29:46,955 - Get LATEST chromedriver version for google-chrome
2025-06-08 09:29:47,081 - Driver [C:\Users\Lenovo\.wdm\drivers\chromedriver\win64\137.0.7151.68\chromedriver-win32/chromedriver.exe] found in cache
2025-06-08 09:29:48,209 - Browser started
2025-06-08 09:30:02,201 - Error getting Foursquare tips: 'list' object has no attribute 'get'
2025-06-08 09:44:25,022 - ====== WebDriver manager ======
2025-06-08 09:44:26,147 - Get LATEST chromedriver version for google-chrome
2025-06-08 09:44:26,297 - Get LATEST chromedriver version for google-chrome
2025-06-08 09:44:26,406 - Driver [C:\Users\Lenovo\.wdm\drivers\chromedriver\win64\137.0.7151.68\chromedriver-win32/chromedriver.exe] found in cache
2025-06-08 09:44:27,558 - Browser started
2025-06-08 09:44:28,340 - Error getting Foursquare tips: 'list' object has no attribute 'get'
2025-06-08 09:45:58,274 - ====== WebDriver manager ======
2025-06-08 09:45:59,393 - Get LATEST chromedriver version for google-chrome
2025-06-08 09:45:59,510 - Get LATEST chromedriver version for google-chrome
2025-06-08 09:45:59,610 - Driver [C:\Users\Lenovo\.wdm\drivers\chromedriver\win64\137.0.7151.68\chromedriver-win32/chromedriver.exe] found in cache
2025-06-08 09:46:00,687 - Browser started
2025-06-08 09:46:01,491 - Error getting Foursquare tips: 'list' object has no attribute 'get'
